Started GET "/" for 127.0.0.1 at 2023-05-13 01:32:39 +0300
Processing by Rails::WelcomeController#index as HTML
  Rendering /Users/emreayar/.rvm/gems/ruby-3.0.0/gems/railties-7.0.4.3/lib/rails/templates/rails/welcome/index.html.erb
  Rendered /Users/emreayar/.rvm/gems/ruby-3.0.0/gems/railties-7.0.4.3/lib/rails/templates/rails/welcome/index.html.erb (Duration: 1.0ms | Allocations: 839)
Completed 200 OK in 8ms (Views: 3.1ms | ActiveRecord: 0.0ms | Allocations: 7293)


Started GET "/" for 127.0.0.1 at 2023-05-13 01:41:12 +0300
Processing by Rails::WelcomeController#index as HTML
  Rendering /Users/emreayar/.rvm/gems/ruby-3.0.0/gems/railties-7.0.4.3/lib/rails/templates/rails/welcome/index.html.erb
  Rendered /Users/emreayar/.rvm/gems/ruby-3.0.0/gems/railties-7.0.4.3/lib/rails/templates/rails/welcome/index.html.erb (Duration: 0.8ms | Allocations: 732)
Completed 200 OK in 9ms (Views: 2.4ms | ActiveRecord: 0.0ms | Allocations: 5995)


Started GET "/" for 127.0.0.1 at 2023-05-13 01:45:28 +0300
Processing by Rails::WelcomeController#index as HTML
  Rendering /Users/emreayar/.rvm/gems/ruby-3.0.0/gems/railties-7.0.4.3/lib/rails/templates/rails/welcome/index.html.erb
  Rendered /Users/emreayar/.rvm/gems/ruby-3.0.0/gems/railties-7.0.4.3/lib/rails/templates/rails/welcome/index.html.erb (Duration: 2.5ms | Allocations: 454)
Completed 200 OK in 15ms (Views: 10.5ms | ActiveRecord: 0.0ms | Allocations: 1297)


Started GET "/articles" for 127.0.0.1 at 2023-05-13 01:46:30 +0300
  
ActionController::RoutingError (uninitialized constant AriclesController):
  
Started GET "/articles" for 127.0.0.1 at 2023-05-13 01:47:53 +0300
  
ActionController::RoutingError (uninitialized constant AriclesController
Did you mean?  ArticlesController):
  
Started GET "/articles" for 127.0.0.1 at 2023-05-13 01:48:14 +0300
Processing by ArticlesController#index as HTML
  Rendering layout layouts/application.html.erb
  Rendering articles/index.html.erb within layouts/application
  Rendered articles/index.html.erb within layouts/application (Duration: 0.5ms | Allocations: 118)
  Rendered layout layouts/application.html.erb (Duration: 810.1ms | Allocations: 99744)
Completed 200 OK in 813ms (Views: 811.6ms | Allocations: 100803)


Started GET "/articles" for 127.0.0.1 at 2023-05-13 01:49:22 +0300
Processing by ArticlesController#index as HTML
  Rendering layout layouts/application.html.erb
  Rendering articles/index.html.erb within layouts/application
  Rendered articles/index.html.erb within layouts/application (Duration: 0.2ms | Allocations: 119)
  Rendered layout layouts/application.html.erb (Duration: 11.9ms | Allocations: 14354)
Completed 200 OK in 13ms (Views: 12.7ms | Allocations: 15402)


Started GET "/articles" for 127.0.0.1 at 2023-05-13 01:51:34 +0300
Processing by ArticlesController#index as HTML
  Rendering layout layouts/application.html.erb
  Rendering articles/index.html.erb within layouts/application
  Rendered articles/index.html.erb within layouts/application (Duration: 0.0ms | Allocations: 9)
  Rendered layout layouts/application.html.erb (Duration: 11.6ms | Allocations: 13908)
Completed 200 OK in 13ms (Views: 12.4ms | Allocations: 14644)


Started GET "/" for 127.0.0.1 at 2023-05-13 01:51:36 +0300
Processing by ArticlesController#index as HTML
  Rendering layout layouts/application.html.erb
  Rendering articles/index.html.erb within layouts/application
  Rendered articles/index.html.erb within layouts/application (Duration: 0.1ms | Allocations: 7)
  Rendered layout layouts/application.html.erb (Duration: 8.5ms | Allocations: 2386)
Completed 200 OK in 12ms (Views: 9.4ms | Allocations: 2696)


  [1m[35m (2.2ms)[0m  [1m[35mCREATE TABLE "schema_migrations" ("version" varchar NOT NULL PRIMARY KEY)[0m
  [1m[35m (1.5ms)[0m  [1m[35mCREATE TABLE "ar_internal_metadata" ("key" varchar NOT NULL PRIMARY KEY, "value" varchar, "created_at" datetime(6) NOT NULL, "updated_at" datetime(6) NOT NULL)[0m
  [1m[36mActiveRecord::SchemaMigration Pluck (0.2ms)[0m  [1m[34mSELECT "schema_migrations"."version" FROM "schema_migrations" ORDER BY "schema_migrations"."version" ASC[0m
Migrating to CreateArticles (20230512225612)
  [1m[36mTRANSACTION (0.0ms)[0m  [1m[36mbegin transaction[0m
  [1m[35m (0.2ms)[0m  [1m[35mCREATE TABLE "articles" ("id" integer PRIMARY KEY AUTOINCREMENT NOT NULL, "title" varchar, "body" text, "created_at" datetime(6) NOT NULL, "updated_at" datetime(6) NOT NULL)[0m
  [1m[36mActiveRecord::SchemaMigration Create (0.1ms)[0m  [1m[32mINSERT INTO "schema_migrations" ("version") VALUES (?)[0m  [["version", "20230512225612"]]
  [1m[36mTRANSACTION (0.4ms)[0m  [1m[36mcommit transaction[0m
  [1m[36mActiveRecord::InternalMetadata Load (0.1ms)[0m  [1m[34mSELECT "ar_internal_metadata".* FROM "ar_internal_metadata" WHERE "ar_internal_metadata"."key" = ? LIMIT ?[0m  [["key", "environment"], ["LIMIT", 1]]
  [1m[36mTRANSACTION (0.0ms)[0m  [1m[36mbegin transaction[0m
  [1m[36mActiveRecord::InternalMetadata Create (0.2ms)[0m  [1m[32mINSERT INTO "ar_internal_metadata" ("key", "value", "created_at", "updated_at") VALUES (?, ?, ?, ?)[0m  [["key", "environment"], ["value", "development"], ["created_at", "2023-05-12 22:59:43.713830"], ["updated_at", "2023-05-12 22:59:43.713830"]]
  [1m[36mTRANSACTION (0.3ms)[0m  [1m[36mcommit transaction[0m
  [1m[36mActiveRecord::SchemaMigration Pluck (0.0ms)[0m  [1m[34mSELECT "schema_migrations"."version" FROM "schema_migrations" ORDER BY "schema_migrations"."version" ASC[0m
  [1m[36mTRANSACTION (0.1ms)[0m  [1m[36mbegin transaction[0m
  [1m[36mArticle Create (0.7ms)[0m  [1m[32mINSERT INTO "articles" ("title", "body", "created_at", "updated_at") VALUES (?, ?, ?, ?)[0m  [["title", "Hello Rails"], ["body", "I am on Rails!"], ["created_at", "2023-05-12 23:01:40.797072"], ["updated_at", "2023-05-12 23:01:40.797072"]]
  [1m[36mTRANSACTION (0.8ms)[0m  [1m[36mcommit transaction[0m
  [1m[36mArticle Load (0.3ms)[0m  [1m[34mSELECT "articles".* FROM "articles" WHERE "articles"."id" = ? LIMIT ?[0m  [["id", 1], ["LIMIT", 1]]
  [1m[36mArticle Load (1.6ms)[0m  [1m[34mSELECT "articles".* FROM "articles"[0m
Started GET "/" for 127.0.0.1 at 2023-05-13 02:04:25 +0300
  [1m[36mActiveRecord::SchemaMigration Pluck (0.1ms)[0m  [1m[34mSELECT "schema_migrations"."version" FROM "schema_migrations" ORDER BY "schema_migrations"."version" ASC[0m
Processing by ArticlesController#index as HTML
  Rendering layout layouts/application.html.erb
  Rendering articles/index.html.erb within layouts/application
  [1m[36mArticle Load (0.1ms)[0m  [1m[34mSELECT "articles".* FROM "articles"[0m
  ↳ app/views/articles/index.html.erb:4
  Rendered articles/index.html.erb within layouts/application (Duration: 19.9ms | Allocations: 16571)
  Rendered layout layouts/application.html.erb (Duration: 49.1ms | Allocations: 30846)
Completed 200 OK in 53ms (Views: 50.6ms | ActiveRecord: 0.3ms | Allocations: 32518)


Started GET "/" for 127.0.0.1 at 2023-05-13 02:05:00 +0300
Processing by ArticlesController#index as HTML
  Rendering layout layouts/application.html.erb
  Rendering articles/index.html.erb within layouts/application
  [1m[36mArticle Load (0.1ms)[0m  [1m[34mSELECT "articles".* FROM "articles"[0m
  ↳ app/views/articles/index.html.erb:4
  Rendered articles/index.html.erb within layouts/application (Duration: 1.8ms | Allocations: 716)
  Rendered layout layouts/application.html.erb (Duration: 8.9ms | Allocations: 3397)
Completed 200 OK in 13ms (Views: 10.8ms | ActiveRecord: 0.1ms | Allocations: 4434)


Started GET "/" for 127.0.0.1 at 2023-05-13 02:05:10 +0300
Processing by ArticlesController#index as HTML
  Rendering layout layouts/application.html.erb
  Rendering articles/index.html.erb within layouts/application
  [1m[36mArticle Load (0.2ms)[0m  [1m[34mSELECT "articles".* FROM "articles"[0m
  ↳ app/views/articles/index.html.erb:3
  Rendered articles/index.html.erb within layouts/application (Duration: 2.9ms | Allocations: 708)
  Rendered layout layouts/application.html.erb (Duration: 9.1ms | Allocations: 3402)
Completed 200 OK in 16ms (Views: 13.7ms | ActiveRecord: 0.2ms | Allocations: 4435)


Started GET "/" for 127.0.0.1 at 2023-05-13 02:06:25 +0300
Processing by ArticlesController#index as HTML
  Rendering layout layouts/application.html.erb
  Rendering articles/index.html.erb within layouts/application
  [1m[36mArticle Load (0.2ms)[0m  [1m[34mSELECT "articles".* FROM "articles"[0m
  ↳ app/views/articles/index.html.erb:6
  Rendered articles/index.html.erb within layouts/application (Duration: 3.2ms | Allocations: 752)
  Rendered layout layouts/application.html.erb (Duration: 10.8ms | Allocations: 3444)
Completed 200 OK in 20ms (Views: 16.4ms | ActiveRecord: 0.2ms | Allocations: 4477)


Started GET "/" for 127.0.0.1 at 2023-05-13 16:04:10 +0300
  [1m[36mActiveRecord::SchemaMigration Pluck (0.1ms)[0m  [1m[34mSELECT "schema_migrations"."version" FROM "schema_migrations" ORDER BY "schema_migrations"."version" ASC[0m
Processing by ArticlesController#index as HTML
  Rendering layout layouts/application.html.erb
  Rendering articles/index.html.erb within layouts/application
  [1m[36mArticle Load (0.2ms)[0m  [1m[34mSELECT "articles".* FROM "articles"[0m
  ↳ app/views/articles/index.html.erb:8
  Rendered articles/index.html.erb within layouts/application (Duration: 5.2ms | Allocations: 16888)
  Rendered layout layouts/application.html.erb (Duration: 40.1ms | Allocations: 52014)
Completed 200 OK in 47ms (Views: 41.7ms | ActiveRecord: 0.4ms | Allocations: 58073)


Started GET "/" for 127.0.0.1 at 2023-05-13 16:04:32 +0300
Processing by ArticlesController#index as HTML
  Rendering layout layouts/application.html.erb
  Rendering articles/index.html.erb within layouts/application
  [1m[36mArticle Load (0.1ms)[0m  [1m[34mSELECT "articles".* FROM "articles"[0m
  ↳ app/views/articles/index.html.erb:8
  Rendered articles/index.html.erb within layouts/application (Duration: 1.9ms | Allocations: 760)
  Rendered layout layouts/application.html.erb (Duration: 5.9ms | Allocations: 3449)
Completed 200 OK in 9ms (Views: 7.6ms | ActiveRecord: 0.1ms | Allocations: 4488)


Started GET "/" for 127.0.0.1 at 2023-05-13 16:04:52 +0300
Processing by ArticlesController#index as HTML
  Rendering layout layouts/application.html.erb
  Rendering articles/index.html.erb within layouts/application
  [1m[36mArticle Load (0.1ms)[0m  [1m[34mSELECT "articles".* FROM "articles"[0m
  ↳ app/views/articles/index.html.erb:7
  Rendered articles/index.html.erb within layouts/application (Duration: 3.3ms | Allocations: 754)
  Rendered layout layouts/application.html.erb (Duration: 6.4ms | Allocations: 3445)
Completed 200 OK in 16ms (Views: 14.2ms | ActiveRecord: 0.1ms | Allocations: 4483)


Started GET "/" for 127.0.0.1 at 2023-05-13 16:04:53 +0300
Processing by ArticlesController#index as HTML
  Rendering layout layouts/application.html.erb
  Rendering articles/index.html.erb within layouts/application
  [1m[36mArticle Load (0.2ms)[0m  [1m[34mSELECT "articles".* FROM "articles"[0m
  ↳ app/views/articles/index.html.erb:7
  Rendered articles/index.html.erb within layouts/application (Duration: 1.3ms | Allocations: 520)
  Rendered layout layouts/application.html.erb (Duration: 4.7ms | Allocations: 2907)
Completed 200 OK in 6ms (Views: 5.0ms | ActiveRecord: 0.2ms | Allocations: 3241)


Started GET "/" for 127.0.0.1 at 2023-05-13 16:04:53 +0300
Processing by ArticlesController#index as HTML
  Rendering layout layouts/application.html.erb
  Rendering articles/index.html.erb within layouts/application
  [1m[36mArticle Load (0.2ms)[0m  [1m[34mSELECT "articles".* FROM "articles"[0m
  ↳ app/views/articles/index.html.erb:7
  Rendered articles/index.html.erb within layouts/application (Duration: 2.3ms | Allocations: 520)
  Rendered layout layouts/application.html.erb (Duration: 7.1ms | Allocations: 2901)
Completed 200 OK in 9ms (Views: 7.7ms | ActiveRecord: 0.2ms | Allocations: 3233)


Started GET "/" for 127.0.0.1 at 2023-05-13 16:04:54 +0300
Processing by ArticlesController#index as HTML
  Rendering layout layouts/application.html.erb
  Rendering articles/index.html.erb within layouts/application
  [1m[36mArticle Load (0.1ms)[0m  [1m[34mSELECT "articles".* FROM "articles"[0m
  ↳ app/views/articles/index.html.erb:7
  Rendered articles/index.html.erb within layouts/application (Duration: 1.3ms | Allocations: 514)
  Rendered layout layouts/application.html.erb (Duration: 5.8ms | Allocations: 2894)
Completed 200 OK in 7ms (Views: 6.3ms | ActiveRecord: 0.1ms | Allocations: 3218)


Started GET "/" for 127.0.0.1 at 2023-05-13 16:04:54 +0300
Processing by ArticlesController#index as HTML
  Rendering layout layouts/application.html.erb
  Rendering articles/index.html.erb within layouts/application
  [1m[36mArticle Load (0.2ms)[0m  [1m[34mSELECT "articles".* FROM "articles"[0m
  ↳ app/views/articles/index.html.erb:7
  Rendered articles/index.html.erb within layouts/application (Duration: 1.4ms | Allocations: 514)
  Rendered layout layouts/application.html.erb (Duration: 6.6ms | Allocations: 2906)
Completed 200 OK in 8ms (Views: 7.2ms | ActiveRecord: 0.2ms | Allocations: 3230)


Started GET "/" for 127.0.0.1 at 2023-05-13 16:04:54 +0300
Processing by ArticlesController#index as HTML
  Rendering layout layouts/application.html.erb
  Rendering articles/index.html.erb within layouts/application
  [1m[36mArticle Load (0.2ms)[0m  [1m[34mSELECT "articles".* FROM "articles"[0m
  ↳ app/views/articles/index.html.erb:7
  Rendered articles/index.html.erb within layouts/application (Duration: 1.9ms | Allocations: 514)
  Rendered layout layouts/application.html.erb (Duration: 5.3ms | Allocations: 2902)
Completed 200 OK in 7ms (Views: 5.8ms | ActiveRecord: 0.2ms | Allocations: 3226)


Started GET "/" for 127.0.0.1 at 2023-05-13 16:04:54 +0300
Processing by ArticlesController#index as HTML
  Rendering layout layouts/application.html.erb
  Rendering articles/index.html.erb within layouts/application
  [1m[36mArticle Load (0.2ms)[0m  [1m[34mSELECT "articles".* FROM "articles"[0m
  ↳ app/views/articles/index.html.erb:7
  Rendered articles/index.html.erb within layouts/application (Duration: 1.4ms | Allocations: 514)
  Rendered layout layouts/application.html.erb (Duration: 6.5ms | Allocations: 2892)
Completed 200 OK in 8ms (Views: 7.2ms | ActiveRecord: 0.2ms | Allocations: 3216)


Started GET "/" for 127.0.0.1 at 2023-05-13 16:06:16 +0300
Processing by ArticlesController#index as HTML
  Rendering layout layouts/application.html.erb
  Rendering articles/index.html.erb within layouts/application
  [1m[36mArticle Load (1.9ms)[0m  [1m[34mSELECT "articles".* FROM "articles"[0m
  ↳ app/views/articles/index.html.erb:7
  Rendered articles/index.html.erb within layouts/application (Duration: 6.0ms | Allocations: 748)
  Rendered layout layouts/application.html.erb (Duration: 16.9ms | Allocations: 3424)
Completed 200 OK in 25ms (Views: 20.5ms | ActiveRecord: 1.9ms | Allocations: 4452)


Started GET "/" for 127.0.0.1 at 2023-05-13 16:10:48 +0300
Processing by ArticlesController#index as HTML
  Rendering layout layouts/application.html.erb
  Rendering articles/index.html.erb within layouts/application
  [1m[36mArticle Load (0.2ms)[0m  [1m[34mSELECT "articles".* FROM "articles"[0m
  ↳ app/views/articles/index.html.erb:7
  Rendered articles/index.html.erb within layouts/application (Duration: 5.9ms | Allocations: 2573)
  Rendered layout layouts/application.html.erb (Duration: 17.1ms | Allocations: 16709)
Completed 200 OK in 20ms (Views: 18.1ms | ActiveRecord: 2.5ms | Allocations: 18319)


Started GET "/show/1" for 127.0.0.1 at 2023-05-13 16:10:51 +0300
  
ActionController::RoutingError (No route matches [GET] "/show/1"):
  
Started GET "/articles/1%22" for 127.0.0.1 at 2023-05-13 16:11:17 +0300
Processing by ArticlesController#show as HTML
  Parameters: {"id"=>"1\""}
  [1m[36mArticle Load (0.8ms)[0m  [1m[34mSELECT "articles".* FROM "articles" WHERE "articles"."id" = ? LIMIT ?[0m  [["id", 1], ["LIMIT", 1]]
  ↳ app/controllers/articles_controller.rb:7:in `show'
  Rendering layout layouts/application.html.erb
  Rendering articles/show.html.erb within layouts/application
  Rendered articles/show.html.erb within layouts/application (Duration: 2.3ms | Allocations: 155)
  Rendered layout layouts/application.html.erb (Duration: 7.6ms | Allocations: 2544)
Completed 200 OK in 20ms (Views: 8.4ms | ActiveRecord: 0.8ms | Allocations: 5273)


Started GET "/articles/1" for 127.0.0.1 at 2023-05-13 16:11:20 +0300
Processing by ArticlesController#show as HTML
  Parameters: {"id"=>"1"}
  [1m[36mArticle Load (0.2ms)[0m  [1m[34mSELECT "articles".* FROM "articles" WHERE "articles"."id" = ? LIMIT ?[0m  [["id", 1], ["LIMIT", 1]]
  ↳ app/controllers/articles_controller.rb:7:in `show'
  Rendering layout layouts/application.html.erb
  Rendering articles/show.html.erb within layouts/application
  Rendered articles/show.html.erb within layouts/application (Duration: 0.1ms | Allocations: 11)
  Rendered layout layouts/application.html.erb (Duration: 4.9ms | Allocations: 2387)
Completed 200 OK in 8ms (Views: 5.7ms | ActiveRecord: 0.2ms | Allocations: 3137)


Started GET "/articles/1" for 127.0.0.1 at 2023-05-14 21:39:46 +0300
  [1m[36mActiveRecord::SchemaMigration Pluck (0.1ms)[0m  [1m[34mSELECT "schema_migrations"."version" FROM "schema_migrations" ORDER BY "schema_migrations"."version" ASC[0m
Processing by ArticlesController#show as HTML
  Parameters: {"id"=>"1"}
  [1m[36mArticle Load (0.2ms)[0m  [1m[34mSELECT "articles".* FROM "articles" WHERE "articles"."id" = ? LIMIT ?[0m  [["id", 1], ["LIMIT", 1]]
  ↳ app/controllers/articles_controller.rb:7:in `show'
  Rendering layout layouts/application.html.erb
  Rendering articles/show.html.erb within layouts/application
  Rendered articles/show.html.erb within layouts/application (Duration: 0.8ms | Allocations: 434)
  Rendered layout layouts/application.html.erb (Duration: 29.3ms | Allocations: 36004)
Completed 200 OK in 42ms (Views: 31.4ms | ActiveRecord: 0.4ms | Allocations: 60220)


Started GET "/articles/1" for 127.0.0.1 at 2023-05-14 21:41:39 +0300
Processing by ArticlesController#show as HTML
  Parameters: {"id"=>"1"}
  [1m[36mArticle Load (0.5ms)[0m  [1m[34mSELECT "articles".* FROM "articles" WHERE "articles"."id" = ? LIMIT ?[0m  [["id", 1], ["LIMIT", 1]]
  ↳ app/controllers/articles_controller.rb:7:in `show'
  Rendering layout layouts/application.html.erb
  Rendering articles/show.html.erb within layouts/application
  Rendered articles/show.html.erb within layouts/application (Duration: 16.5ms | Allocations: 5140)
  Rendered layout layouts/application.html.erb (Duration: 17.1ms | Allocations: 5213)
Completed 500 Internal Server Error in 30ms (ActiveRecord: 0.5ms | Allocations: 6669)


  
ActionView::Template::Error (undefined method `each' for nil:NilClass):
    1: <h1>Articles</h1>
    2: 
    3: <ul>
    4:   <% @articles.each do |article| %>
    5:     <li>
    6:       <a href="/articles/<%= article.id %>">
    7:         <%= article.title %>
  
app/views/articles/show.html.erb:4
Started GET "/articles/1" for 127.0.0.1 at 2023-05-14 21:42:15 +0300
Processing by ArticlesController#show as HTML
  Parameters: {"id"=>"1"}
  [1m[36mArticle Load (0.4ms)[0m  [1m[34mSELECT "articles".* FROM "articles" WHERE "articles"."id" = ? LIMIT ?[0m  [["id", 1], ["LIMIT", 1]]
  ↳ app/controllers/articles_controller.rb:7:in `show'
  Rendering layout layouts/application.html.erb
  Rendering articles/show.html.erb within layouts/application
  Rendered articles/show.html.erb within layouts/application (Duration: 0.5ms | Allocations: 151)
  Rendered layout layouts/application.html.erb (Duration: 9.7ms | Allocations: 2855)
Completed 200 OK in 15ms (Views: 11.8ms | ActiveRecord: 0.4ms | Allocations: 4325)


Started GET "/articles/1" for 127.0.0.1 at 2023-05-14 21:43:53 +0300
Processing by ArticlesController#show as HTML
  Parameters: {"id"=>"1"}
  [1m[36mArticle Load (0.6ms)[0m  [1m[34mSELECT "articles".* FROM "articles" WHERE "articles"."id" = ? LIMIT ?[0m  [["id", 1], ["LIMIT", 1]]
  ↳ app/controllers/articles_controller.rb:7:in `show'
  Rendering layout layouts/application.html.erb
  Rendering articles/show.html.erb within layouts/application
  Rendered articles/show.html.erb within layouts/application (Duration: 1.1ms | Allocations: 151)
  Rendered layout layouts/application.html.erb (Duration: 8.8ms | Allocations: 2828)
Completed 200 OK in 17ms (Views: 12.0ms | ActiveRecord: 0.6ms | Allocations: 4299)


Started GET "/" for 127.0.0.1 at 2023-05-14 21:43:59 +0300
Processing by ArticlesController#index as HTML
  Rendering layout layouts/application.html.erb
  Rendering articles/index.html.erb within layouts/application
  [1m[36mArticle Load (5.0ms)[0m  [1m[34mSELECT "articles".* FROM "articles"[0m
  ↳ app/views/articles/index.html.erb:7
  Rendered articles/index.html.erb within layouts/application (Duration: 9.5ms | Allocations: 838)
  Rendered layout layouts/application.html.erb (Duration: 15.5ms | Allocations: 3218)
Completed 200 OK in 18ms (Views: 11.2ms | ActiveRecord: 5.0ms | Allocations: 3612)


Started GET "/articles/1" for 127.0.0.1 at 2023-05-14 21:44:01 +0300
Processing by ArticlesController#show as HTML
  Parameters: {"id"=>"1"}
  [1m[36mArticle Load (0.5ms)[0m  [1m[34mSELECT "articles".* FROM "articles" WHERE "articles"."id" = ? LIMIT ?[0m  [["id", 1], ["LIMIT", 1]]
  ↳ app/controllers/articles_controller.rb:7:in `show'
  Rendering layout layouts/application.html.erb
  Rendering articles/show.html.erb within layouts/application
  Rendered articles/show.html.erb within layouts/application (Duration: 0.1ms | Allocations: 11)
  Rendered layout layouts/application.html.erb (Duration: 19.4ms | Allocations: 2398)
Completed 200 OK in 25ms (Views: 20.4ms | ActiveRecord: 0.5ms | Allocations: 3151)


Started GET "/articles/1" for 127.0.0.1 at 2023-05-14 21:46:16 +0300
Processing by ArticlesController#show as HTML
  Parameters: {"id"=>"1"}
  [1m[36mArticle Load (0.2ms)[0m  [1m[34mSELECT "articles".* FROM "articles" WHERE "articles"."id" = ? LIMIT ?[0m  [["id", 1], ["LIMIT", 1]]
  ↳ app/controllers/articles_controller.rb:7:in `show'
  Rendering layout layouts/application.html.erb
  Rendering articles/show.html.erb within layouts/application
  Rendered articles/show.html.erb within layouts/application (Duration: 0.1ms | Allocations: 18)
  Rendered layout layouts/application.html.erb (Duration: 10.3ms | Allocations: 13976)
Completed 200 OK in 17ms (Views: 11.0ms | ActiveRecord: 1.2ms | Allocations: 18025)


Started GET "/articles/1" for 127.0.0.1 at 2023-05-14 21:46:17 +0300
Processing by ArticlesController#show as HTML
  Parameters: {"id"=>"1"}
  [1m[36mArticle Load (0.1ms)[0m  [1m[34mSELECT "articles".* FROM "articles" WHERE "articles"."id" = ? LIMIT ?[0m  [["id", 1], ["LIMIT", 1]]
  ↳ app/controllers/articles_controller.rb:7:in `show'
  Rendering layout layouts/application.html.erb
  Rendering articles/show.html.erb within layouts/application
  Rendered articles/show.html.erb within layouts/application (Duration: 0.2ms | Allocations: 11)
  Rendered layout layouts/application.html.erb (Duration: 2.4ms | Allocations: 2381)
Completed 200 OK in 4ms (Views: 2.9ms | ActiveRecord: 0.1ms | Allocations: 3131)


Started GET "/articles/1" for 127.0.0.1 at 2023-05-14 21:49:15 +0300
Processing by ArticlesController#show as HTML
  Parameters: {"id"=>"1"}
  [1m[36mArticle Load (0.6ms)[0m  [1m[34mSELECT "articles".* FROM "articles" WHERE "articles"."id" = ? LIMIT ?[0m  [["id", 1], ["LIMIT", 1]]
  ↳ app/controllers/articles_controller.rb:7:in `show'
  Rendering layout layouts/application.html.erb
  Rendering articles/show.html.erb within layouts/application
  Rendered articles/show.html.erb within layouts/application (Duration: 0.2ms | Allocations: 11)
  Rendered layout layouts/application.html.erb (Duration: 7.6ms | Allocations: 2371)
Completed 200 OK in 14ms (Views: 8.7ms | ActiveRecord: 0.6ms | Allocations: 3121)


Started GET "/" for 127.0.0.1 at 2023-05-14 21:49:17 +0300
Processing by ArticlesController#index as HTML
  Rendering layout layouts/application.html.erb
  Rendering articles/index.html.erb within layouts/application
  [1m[36mArticle Load (0.2ms)[0m  [1m[34mSELECT "articles".* FROM "articles"[0m
  ↳ app/views/articles/index.html.erb:7
  Rendered articles/index.html.erb within layouts/application (Duration: 1.8ms | Allocations: 564)
  Rendered layout layouts/application.html.erb (Duration: 5.7ms | Allocations: 2952)
Completed 200 OK in 7ms (Views: 6.1ms | ActiveRecord: 0.2ms | Allocations: 3280)


Started GET "/" for 127.0.0.1 at 2023-05-14 21:49:18 +0300
Processing by ArticlesController#index as HTML
  Rendering layout layouts/application.html.erb
  Rendering articles/index.html.erb within layouts/application
  [1m[36mArticle Load (0.2ms)[0m  [1m[34mSELECT "articles".* FROM "articles"[0m
  ↳ app/views/articles/index.html.erb:7
  Rendered articles/index.html.erb within layouts/application (Duration: 1.6ms | Allocations: 516)
  Rendered layout layouts/application.html.erb (Duration: 14.5ms | Allocations: 2898)
Completed 200 OK in 18ms (Views: 15.3ms | ActiveRecord: 0.2ms | Allocations: 3222)


Started GET "/articles/1" for 127.0.0.1 at 2023-05-14 21:49:20 +0300
Processing by ArticlesController#show as HTML
  Parameters: {"id"=>"1"}
  [1m[36mArticle Load (0.2ms)[0m  [1m[34mSELECT "articles".* FROM "articles" WHERE "articles"."id" = ? LIMIT ?[0m  [["id", 1], ["LIMIT", 1]]
  ↳ app/controllers/articles_controller.rb:7:in `show'
  Rendering layout layouts/application.html.erb
  Rendering articles/show.html.erb within layouts/application
  Rendered articles/show.html.erb within layouts/application (Duration: 0.1ms | Allocations: 11)
  Rendered layout layouts/application.html.erb (Duration: 5.8ms | Allocations: 2381)
Completed 200 OK in 10ms (Views: 6.8ms | ActiveRecord: 0.2ms | Allocations: 3133)


Started GET "/" for 127.0.0.1 at 2023-05-14 21:49:21 +0300
Processing by ArticlesController#index as HTML
  Rendering layout layouts/application.html.erb
  Rendering articles/index.html.erb within layouts/application
  [1m[36mArticle Load (0.6ms)[0m  [1m[34mSELECT "articles".* FROM "articles"[0m
  ↳ app/views/articles/index.html.erb:7
  Rendered articles/index.html.erb within layouts/application (Duration: 2.2ms | Allocations: 516)
  Rendered layout layouts/application.html.erb (Duration: 9.3ms | Allocations: 2902)
Completed 200 OK in 12ms (Views: 10.1ms | ActiveRecord: 0.6ms | Allocations: 3227)


Started GET "/" for 127.0.0.1 at 2023-05-14 21:50:10 +0300
Processing by ArticlesController#index as HTML
  Rendering layout layouts/application.html.erb
  Rendering articles/index.html.erb within layouts/application
  [1m[36mArticle Load (1.1ms)[0m  [1m[34mSELECT "articles".* FROM "articles"[0m
  ↳ app/views/articles/index.html.erb:7
  Rendered articles/index.html.erb within layouts/application (Duration: 7.8ms | Allocations: 862)
  Rendered layout layouts/application.html.erb (Duration: 19.2ms | Allocations: 3545)
Completed 200 OK in 27ms (Views: 23.3ms | ActiveRecord: 1.1ms | Allocations: 4573)


Started GET "/articles/1" for 127.0.0.1 at 2023-05-14 21:50:11 +0300
Processing by ArticlesController#show as HTML
  Parameters: {"id"=>"1"}
  [1m[36mArticle Load (0.2ms)[0m  [1m[34mSELECT "articles".* FROM "articles" WHERE "articles"."id" = ? LIMIT ?[0m  [["id", 1], ["LIMIT", 1]]
  ↳ app/controllers/articles_controller.rb:7:in `show'
  Rendering layout layouts/application.html.erb
  Rendering articles/show.html.erb within layouts/application
  Rendered articles/show.html.erb within layouts/application (Duration: 1.4ms | Allocations: 147)
  Rendered layout layouts/application.html.erb (Duration: 6.9ms | Allocations: 2534)
Completed 200 OK in 11ms (Views: 7.7ms | ActiveRecord: 0.2ms | Allocations: 3344)


Started GET "/" for 127.0.0.1 at 2023-05-14 21:51:59 +0300
Processing by ArticlesController#index as HTML
  Rendering layout layouts/application.html.erb
  Rendering articles/index.html.erb within layouts/application
  [1m[36mArticle Load (0.8ms)[0m  [1m[34mSELECT "articles".* FROM "articles"[0m
  ↳ app/views/articles/index.html.erb:7
  Rendered articles/index.html.erb within layouts/application (Duration: 3.4ms | Allocations: 815)
  Rendered layout layouts/application.html.erb (Duration: 9.9ms | Allocations: 3501)
Completed 200 OK in 15ms (Views: 12.0ms | ActiveRecord: 0.8ms | Allocations: 4529)


Started GET "/" for 127.0.0.1 at 2023-05-14 21:52:01 +0300
Processing by ArticlesController#index as HTML
  Rendering layout layouts/application.html.erb
  Rendering articles/index.html.erb within layouts/application
  [1m[36mArticle Load (0.1ms)[0m  [1m[34mSELECT "articles".* FROM "articles"[0m
  ↳ app/views/articles/index.html.erb:7
  Rendered articles/index.html.erb within layouts/application (Duration: 0.8ms | Allocations: 541)
  Rendered layout layouts/application.html.erb (Duration: 3.3ms | Allocations: 2941)
Completed 200 OK in 4ms (Views: 3.5ms | ActiveRecord: 0.1ms | Allocations: 3266)


Started GET "/" for 127.0.0.1 at 2023-05-14 21:52:13 +0300
Processing by ArticlesController#index as HTML
  Rendering layout layouts/application.html.erb
  Rendering articles/index.html.erb within layouts/application
  [1m[36mArticle Load (0.4ms)[0m  [1m[34mSELECT "articles".* FROM "articles"[0m
  ↳ app/views/articles/index.html.erb:7
  Rendered articles/index.html.erb within layouts/application (Duration: 7.8ms | Allocations: 815)
  Rendered layout layouts/application.html.erb (Duration: 28.8ms | Allocations: 3506)
Completed 200 OK in 53ms (Views: 39.1ms | ActiveRecord: 0.4ms | Allocations: 4534)


Started GET "/" for 127.0.0.1 at 2023-05-14 21:53:07 +0300
Processing by ArticlesController#index as HTML
  Rendering layout layouts/application.html.erb
  Rendering articles/index.html.erb within layouts/application
  [1m[36mArticle Load (0.3ms)[0m  [1m[34mSELECT "articles".* FROM "articles"[0m
  ↳ app/views/articles/index.html.erb:7
  Rendered articles/index.html.erb within layouts/application (Duration: 3.1ms | Allocations: 911)
  Rendered layout layouts/application.html.erb (Duration: 27.3ms | Allocations: 3613)
Completed 200 OK in 37ms (Views: 34.6ms | ActiveRecord: 0.3ms | Allocations: 4643)


Started GET "/articles/1" for 127.0.0.1 at 2023-05-14 21:53:15 +0300
Processing by ArticlesController#show as HTML
  Parameters: {"id"=>"1"}
  [1m[36mArticle Load (0.6ms)[0m  [1m[34mSELECT "articles".* FROM "articles" WHERE "articles"."id" = ? LIMIT ?[0m  [["id", 1], ["LIMIT", 1]]
  ↳ app/controllers/articles_controller.rb:7:in `show'
  Rendering layout layouts/application.html.erb
  Rendering articles/show.html.erb within layouts/application
  Rendered articles/show.html.erb within layouts/application (Duration: 2.6ms | Allocations: 150)
  Rendered layout layouts/application.html.erb (Duration: 8.8ms | Allocations: 2538)
Completed 200 OK in 14ms (Views: 9.8ms | ActiveRecord: 0.6ms | Allocations: 3347)


Started GET "/articles/1" for 127.0.0.1 at 2023-05-14 21:53:17 +0300
Processing by ArticlesController#show as HTML
  Parameters: {"id"=>"1"}
  [1m[36mArticle Load (0.2ms)[0m  [1m[34mSELECT "articles".* FROM "articles" WHERE "articles"."id" = ? LIMIT ?[0m  [["id", 1], ["LIMIT", 1]]
  ↳ app/controllers/articles_controller.rb:7:in `show'
  Rendering layout layouts/application.html.erb
  Rendering articles/show.html.erb within layouts/application
  Rendered articles/show.html.erb within layouts/application (Duration: 0.1ms | Allocations: 11)
  Rendered layout layouts/application.html.erb (Duration: 4.7ms | Allocations: 2373)
Completed 200 OK in 9ms (Views: 5.6ms | ActiveRecord: 0.2ms | Allocations: 3125)


Started GET "/articles/1" for 127.0.0.1 at 2023-05-14 21:53:19 +0300
Processing by ArticlesController#show as HTML
  Parameters: {"id"=>"1"}
  [1m[36mArticle Load (0.2ms)[0m  [1m[34mSELECT "articles".* FROM "articles" WHERE "articles"."id" = ? LIMIT ?[0m  [["id", 1], ["LIMIT", 1]]
  ↳ app/controllers/articles_controller.rb:7:in `show'
  Rendering layout layouts/application.html.erb
  Rendering articles/show.html.erb within layouts/application
  Rendered articles/show.html.erb within layouts/application (Duration: 0.1ms | Allocations: 11)
  Rendered layout layouts/application.html.erb (Duration: 4.9ms | Allocations: 2391)
Completed 200 OK in 8ms (Views: 5.6ms | ActiveRecord: 0.2ms | Allocations: 3143)


Started GET "/" for 127.0.0.1 at 2023-05-14 21:53:41 +0300
Processing by ArticlesController#index as HTML
  Rendering layout layouts/application.html.erb
  Rendering articles/index.html.erb within layouts/application
  [1m[36mArticle Load (0.5ms)[0m  [1m[34mSELECT "articles".* FROM "articles"[0m
  ↳ app/views/articles/index.html.erb:7
  Rendered articles/index.html.erb within layouts/application (Duration: 4.1ms | Allocations: 886)
  Rendered layout layouts/application.html.erb (Duration: 9.6ms | Allocations: 3578)
Completed 200 OK in 15ms (Views: 12.3ms | ActiveRecord: 0.5ms | Allocations: 4606)


Started GET "/articles/1" for 127.0.0.1 at 2023-05-14 21:53:42 +0300
Processing by ArticlesController#show as HTML
  Parameters: {"id"=>"1"}
  [1m[36mArticle Load (0.2ms)[0m  [1m[34mSELECT "articles".* FROM "articles" WHERE "articles"."id" = ? LIMIT ?[0m  [["id", 1], ["LIMIT", 1]]
  ↳ app/controllers/articles_controller.rb:7:in `show'
  Rendering layout layouts/application.html.erb
  Rendering articles/show.html.erb within layouts/application
  Rendered articles/show.html.erb within layouts/application (Duration: 1.4ms | Allocations: 147)
  Rendered layout layouts/application.html.erb (Duration: 8.3ms | Allocations: 2521)
Completed 200 OK in 13ms (Views: 9.5ms | ActiveRecord: 0.2ms | Allocations: 3330)


Started GET "/" for 127.0.0.1 at 2023-05-14 21:54:25 +0300
Processing by ArticlesController#index as HTML
  Rendering layout layouts/application.html.erb
  Rendering articles/index.html.erb within layouts/application
  [1m[36mArticle Load (0.7ms)[0m  [1m[34mSELECT "articles".* FROM "articles"[0m
  ↳ app/views/articles/index.html.erb:7
  Rendered articles/index.html.erb within layouts/application (Duration: 5.0ms | Allocations: 902)
  Rendered layout layouts/application.html.erb (Duration: 11.2ms | Allocations: 3584)
Completed 200 OK in 19ms (Views: 14.8ms | ActiveRecord: 0.7ms | Allocations: 4612)


Started GET "/" for 127.0.0.1 at 2023-05-14 22:05:55 +0300
Processing by ArticlesController#index as HTML
  Rendering layout layouts/application.html.erb
  Rendering articles/index.html.erb within layouts/application
  [1m[36mArticle Load (0.2ms)[0m  [1m[34mSELECT "articles".* FROM "articles"[0m
  ↳ app/views/articles/index.html.erb:7
  Rendered articles/index.html.erb within layouts/application (Duration: 4.9ms | Allocations: 2355)
  Rendered layout layouts/application.html.erb (Duration: 14.2ms | Allocations: 16565)
Completed 200 OK in 17ms (Views: 15.2ms | ActiveRecord: 1.7ms | Allocations: 18176)


Started GET "/articles/1" for 127.0.0.1 at 2023-05-14 22:05:56 +0300
Processing by ArticlesController#show as HTML
  Parameters: {"id"=>"1"}
  [1m[36mArticle Load (0.3ms)[0m  [1m[34mSELECT "articles".* FROM "articles" WHERE "articles"."id" = ? LIMIT ?[0m  [["id", 1], ["LIMIT", 1]]
  ↳ app/controllers/articles_controller.rb:7:in `show'
  Rendering layout layouts/application.html.erb
  Rendering articles/show.html.erb within layouts/application
  Rendered articles/show.html.erb within layouts/application (Duration: 0.9ms | Allocations: 150)
  Rendered layout layouts/application.html.erb (Duration: 5.4ms | Allocations: 2512)
Completed 200 OK in 10ms (Views: 6.4ms | ActiveRecord: 0.3ms | Allocations: 3918)


Started GET "/articles/1" for 127.0.0.1 at 2023-05-14 22:06:22 +0300
Processing by ArticlesController#show as HTML
  Parameters: {"id"=>"1"}
  [1m[36mArticle Load (0.2ms)[0m  [1m[34mSELECT "articles".* FROM "articles" WHERE "articles"."id" = ? LIMIT ?[0m  [["id", 1], ["LIMIT", 1]]
  ↳ app/controllers/articles_controller.rb:7:in `show'
  Rendering layout layouts/application.html.erb
  Rendering articles/show.html.erb within layouts/application
  Rendered articles/show.html.erb within layouts/application (Duration: 0.4ms | Allocations: 156)
  Rendered layout layouts/application.html.erb (Duration: 10.4ms | Allocations: 14280)
Completed 200 OK in 18ms (Views: 11.7ms | ActiveRecord: 0.8ms | Allocations: 18615)


Started GET "/articles" for 127.0.0.1 at 2023-05-14 22:06:24 +0300
Processing by ArticlesController#index as HTML
  Rendering layout layouts/application.html.erb
  Rendering articles/index.html.erb within layouts/application
  [1m[36mArticle Load (0.4ms)[0m  [1m[34mSELECT "articles".* FROM "articles"[0m
  ↳ app/views/articles/index.html.erb:7
  Rendered articles/index.html.erb within layouts/application (Duration: 4.0ms | Allocations: 954)
  Rendered layout layouts/application.html.erb (Duration: 9.1ms | Allocations: 3331)
Completed 200 OK in 12ms (Views: 9.7ms | ActiveRecord: 0.4ms | Allocations: 3713)


Started GET "/new" for 127.0.0.1 at 2023-05-14 22:06:27 +0300
  
ActionController::RoutingError (No route matches [GET] "/new"):
  
Started GET "/new/1" for 127.0.0.1 at 2023-05-14 22:06:49 +0300
  
ActionController::RoutingError (No route matches [GET] "/new/1"):
  
Started GET "/how" for 127.0.0.1 at 2023-05-14 22:07:37 +0300
  
ActionController::RoutingError (No route matches [GET] "/how"):
  
Started GET "/show" for 127.0.0.1 at 2023-05-14 22:07:40 +0300
  
ActionController::RoutingError (No route matches [GET] "/show"):
  
Started GET "/articles/1" for 127.0.0.1 at 2023-05-14 22:07:44 +0300
Processing by ArticlesController#show as HTML
  Parameters: {"id"=>"1"}
  [1m[36mArticle Load (0.3ms)[0m  [1m[34mSELECT "articles".* FROM "articles" WHERE "articles"."id" = ? LIMIT ?[0m  [["id", 1], ["LIMIT", 1]]
  ↳ app/controllers/articles_controller.rb:7:in `show'
  Rendering layout layouts/application.html.erb
  Rendering articles/show.html.erb within layouts/application
  Rendered articles/show.html.erb within layouts/application (Duration: 1.4ms | Allocations: 151)
  Rendered layout layouts/application.html.erb (Duration: 9.6ms | Allocations: 2843)
Completed 200 OK in 18ms (Views: 12.1ms | ActiveRecord: 0.3ms | Allocations: 4252)


Started GET "/articles/new" for 127.0.0.1 at 2023-05-14 22:07:48 +0300
Processing by ArticlesController#new as HTML
  Rendering layout layouts/application.html.erb
  Rendering articles/new.html.erb within layouts/application
  Rendered articles/new.html.erb within layouts/application (Duration: 35.3ms | Allocations: 8179)
  Rendered layout layouts/application.html.erb (Duration: 38.6ms | Allocations: 10394)
Completed 200 OK in 41ms (Views: 39.2ms | ActiveRecord: 0.0ms | Allocations: 10801)


Started GET "/articles/show" for 127.0.0.1 at 2023-05-14 22:07:54 +0300
Processing by ArticlesController#show as HTML
  Parameters: {"id"=>"show"}
  [1m[36mArticle Load (0.2ms)[0m  [1m[34mSELECT "articles".* FROM "articles" WHERE "articles"."id" = ? LIMIT ?[0m  [["id", nil], ["LIMIT", 1]]
  ↳ app/controllers/articles_controller.rb:7:in `show'
Completed 404 Not Found in 6ms (ActiveRecord: 0.2ms | Allocations: 904)


  
ActiveRecord::RecordNotFound (Couldn't find Article with 'id'=show):
  
app/controllers/articles_controller.rb:7:in `show'
Started GET "/articles/new" for 127.0.0.1 at 2023-05-14 22:21:26 +0300
Processing by ArticlesController#new as HTML
  Rendering layout layouts/application.html.erb
  Rendering articles/new.html.erb within layouts/application
  Rendered articles/new.html.erb within layouts/application (Duration: 1.7ms | Allocations: 1377)
  Rendered layout layouts/application.html.erb (Duration: 11.4ms | Allocations: 15417)
Completed 200 OK in 18ms (Views: 12.6ms | ActiveRecord: 0.2ms | Allocations: 18556)


Started GET "/articles/new" for 127.0.0.1 at 2023-05-14 22:25:26 +0300
Processing by ArticlesController#new as HTML
  Rendering layout layouts/application.html.erb
  Rendering articles/new.html.erb within layouts/application
  Rendered articles/new.html.erb within layouts/application (Duration: 6.3ms | Allocations: 1335)
  Rendered layout layouts/application.html.erb (Duration: 12.2ms | Allocations: 3850)
Completed 200 OK in 21ms (Views: 16.6ms | ActiveRecord: 0.0ms | Allocations: 4880)


Started GET "/articles" for 127.0.0.1 at 2023-05-14 22:25:28 +0300
Processing by ArticlesController#index as HTML
  Rendering layout layouts/application.html.erb
  Rendering articles/index.html.erb within layouts/application
  [1m[36mArticle Load (0.9ms)[0m  [1m[34mSELECT "articles".* FROM "articles"[0m
  ↳ app/views/articles/index.html.erb:7
  Rendered articles/index.html.erb within layouts/application (Duration: 5.9ms | Allocations: 1019)
  Rendered layout layouts/application.html.erb (Duration: 11.7ms | Allocations: 3402)
Completed 200 OK in 15ms (Views: 11.6ms | ActiveRecord: 0.9ms | Allocations: 3822)


Started GET "/" for 127.0.0.1 at 2023-05-14 22:25:32 +0300
Processing by ArticlesController#index as HTML
  Rendering layout layouts/application.html.erb
  Rendering articles/index.html.erb within layouts/application
  [1m[36mArticle Load (0.2ms)[0m  [1m[34mSELECT "articles".* FROM "articles"[0m
  ↳ app/views/articles/index.html.erb:7
  Rendered articles/index.html.erb within layouts/application (Duration: 2.3ms | Allocations: 604)
  Rendered layout layouts/application.html.erb (Duration: 8.1ms | Allocations: 2987)
Completed 200 OK in 10ms (Views: 8.5ms | ActiveRecord: 0.2ms | Allocations: 3311)


Started GET "/articles/new" for 127.0.0.1 at 2023-05-14 22:25:34 +0300
Processing by ArticlesController#new as HTML
  Rendering layout layouts/application.html.erb
  Rendering articles/new.html.erb within layouts/application
  Rendered articles/new.html.erb within layouts/application (Duration: 2.1ms | Allocations: 932)
  Rendered layout layouts/application.html.erb (Duration: 6.5ms | Allocations: 3150)
Completed 200 OK in 8ms (Views: 7.3ms | ActiveRecord: 0.0ms | Allocations: 3478)


Started POST "/articles" for 127.0.0.1 at 2023-05-14 22:25:58 +0300
Processing by ArticlesController#create as TURBO_STREAM
  Parameters: {"authenticity_token"=>"[FILTERED]", "article"=>{"title"=>"Second Article", "body"=>"This the second article."}, "commit"=>"Create Article"}
  Rendering layout layouts/application.html.erb
  Rendering articles/new.html.erb within layouts/application
  Rendered articles/new.html.erb within layouts/application (Duration: 2.5ms | Allocations: 1690)
  Rendered layout layouts/application.html.erb (Duration: 5.6ms | Allocations: 3952)
Completed 422 Unprocessable Entity in 9ms (Views: 6.1ms | ActiveRecord: 0.0ms | Allocations: 5259)


Started POST "/articles" for 127.0.0.1 at 2023-05-14 22:27:28 +0300
Processing by ArticlesController#create as TURBO_STREAM
  Parameters: {"authenticity_token"=>"[FILTERED]", "article"=>{"title"=>"The Second Article", "body"=>"Hi, this the second article for testing our new awesome form."}, "commit"=>"Create Article"}
  Rendering layout layouts/application.html.erb
  Rendering articles/new.html.erb within layouts/application
  Rendered articles/new.html.erb within layouts/application (Duration: 7.8ms | Allocations: 1605)
  Rendered layout layouts/application.html.erb (Duration: 15.5ms | Allocations: 3867)
Completed 422 Unprocessable Entity in 26ms (Views: 17.9ms | ActiveRecord: 0.0ms | Allocations: 4906)


Started POST "/articles" for 127.0.0.1 at 2023-05-14 22:28:04 +0300
Processing by ArticlesController#create as TURBO_STREAM
  Parameters: {"authenticity_token"=>"[FILTERED]", "article"=>{"title"=>"123123123", "body"=>"12345678901234567890"}, "commit"=>"Create Article"}
  Rendering layout layouts/application.html.erb
  Rendering articles/new.html.erb within layouts/application
  Rendered articles/new.html.erb within layouts/application (Duration: 4.4ms | Allocations: 1606)
  Rendered layout layouts/application.html.erb (Duration: 9.4ms | Allocations: 3868)
Completed 422 Unprocessable Entity in 14ms (Views: 10.4ms | ActiveRecord: 0.0ms | Allocations: 4900)


Started GET "/articles/new" for 127.0.0.1 at 2023-05-14 22:28:42 +0300
Processing by ArticlesController#new as HTML
  Rendering layout layouts/application.html.erb
  Rendering articles/new.html.erb within layouts/application
  Rendered articles/new.html.erb within layouts/application (Duration: 3.4ms | Allocations: 1336)
  Rendered layout layouts/application.html.erb (Duration: 9.1ms | Allocations: 3851)
Completed 200 OK in 18ms (Views: 15.4ms | ActiveRecord: 0.0ms | Allocations: 4881)


Started POST "/articles" for 127.0.0.1 at 2023-05-14 22:28:50 +0300
Processing by ArticlesController#create as TURBO_STREAM
  Parameters: {"authenticity_token"=>"[FILTERED]", "article"=>{"title"=>"The Second Article", "body"=>"The Second ArticleThe Second ArticleThe Second ArticleThe Second ArticleThe Second ArticleThe Second ArticleThe Second ArticleThe Second ArticleThe Second ArticleThe Second Article"}, "commit"=>"Create Article"}
  Rendering layout layouts/application.html.erb
  Rendering articles/new.html.erb within layouts/application
  Rendered articles/new.html.erb within layouts/application (Duration: 4.4ms | Allocations: 1606)
  Rendered layout layouts/application.html.erb (Duration: 8.9ms | Allocations: 3868)
Completed 422 Unprocessable Entity in 12ms (Views: 9.7ms | ActiveRecord: 0.0ms | Allocations: 4959)


Started POST "/articles" for 127.0.0.1 at 2023-05-14 22:37:24 +0300
Processing by ArticlesController#create as TURBO_STREAM
  Parameters: {"authenticity_token"=>"[FILTERED]", "article"=>{"title"=>"...", "body"=>"..."}, "commit"=>"Create Article"}
  Rendering layout layouts/application.html.erb
  Rendering articles/new.html.erb within layouts/application
  Rendered articles/new.html.erb within layouts/application (Duration: 10.7ms | Allocations: 2025)
  Rendered layout layouts/application.html.erb (Duration: 22.0ms | Allocations: 16078)
Completed 422 Unprocessable Entity in 38ms (Views: 23.2ms | ActiveRecord: 2.4ms | Allocations: 19926)


Started POST "/articles" for 127.0.0.1 at 2023-05-14 22:37:25 +0300
Processing by ArticlesController#create as TURBO_STREAM
  Parameters: {"authenticity_token"=>"[FILTERED]", "article"=>{"title"=>"...", "body"=>"..."}, "commit"=>"Create Article"}
  Rendering layout layouts/application.html.erb
  Rendering articles/new.html.erb within layouts/application
  Rendered articles/new.html.erb within layouts/application (Duration: 2.4ms | Allocations: 1605)
  Rendered layout layouts/application.html.erb (Duration: 6.3ms | Allocations: 3881)
Completed 422 Unprocessable Entity in 9ms (Views: 7.3ms | ActiveRecord: 0.0ms | Allocations: 4910)


Started POST "/articles" for 127.0.0.1 at 2023-05-14 22:37:25 +0300
Processing by ArticlesController#create as TURBO_STREAM
  Parameters: {"authenticity_token"=>"[FILTERED]", "article"=>{"title"=>"...", "body"=>"..."}, "commit"=>"Create Article"}
  Rendering layout layouts/application.html.erb
  Rendering articles/new.html.erb within layouts/application
  Rendered articles/new.html.erb within layouts/application (Duration: 3.0ms | Allocations: 1605)
  Rendered layout layouts/application.html.erb (Duration: 7.9ms | Allocations: 3867)
Completed 422 Unprocessable Entity in 10ms (Views: 8.6ms | ActiveRecord: 0.0ms | Allocations: 4898)


Started GET "/articles/new" for 127.0.0.1 at 2023-05-14 22:41:10 +0300
  [1m[36mActiveRecord::SchemaMigration Pluck (0.2ms)[0m  [1m[34mSELECT "schema_migrations"."version" FROM "schema_migrations" ORDER BY "schema_migrations"."version" ASC[0m
Processing by ArticlesController#new as HTML
  Rendering layout layouts/application.html.erb
  Rendering articles/new.html.erb within layouts/application
  Rendered articles/new.html.erb within layouts/application (Duration: 21.3ms | Allocations: 4022)
  Rendered layout layouts/application.html.erb (Duration: 71.2ms | Allocations: 39148)
Completed 200 OK in 339ms (Views: 324.6ms | ActiveRecord: 0.2ms | Allocations: 61120)


Started POST "/articles" for 127.0.0.1 at 2023-05-14 22:41:18 +0300
Processing by ArticlesController#create as TURBO_STREAM
  Parameters: {"authenticity_token"=>"[FILTERED]", "article"=>{"title"=>"The Second Article", "body"=>"123123123123123123123123123123"}, "commit"=>"Create Article"}
  Rendering layout layouts/application.html.erb
  Rendering articles/new.html.erb within layouts/application
  Rendered articles/new.html.erb within layouts/application (Duration: 3.2ms | Allocations: 1692)
  Rendered layout layouts/application.html.erb (Duration: 7.0ms | Allocations: 3955)
Completed 422 Unprocessable Entity in 11ms (Views: 7.8ms | ActiveRecord: 0.0ms | Allocations: 5302)


Started GET "/articles/new" for 127.0.0.1 at 2023-05-14 22:43:21 +0300
Processing by ArticlesController#new as HTML
  Rendering layout layouts/application.html.erb
  Rendering articles/new.html.erb within layouts/application
  Rendered articles/new.html.erb within layouts/application (Duration: 1.0ms | Allocations: 1012)
  Rendered layout layouts/application.html.erb (Duration: 9.4ms | Allocations: 14836)
Completed 200 OK in 13ms (Views: 9.9ms | ActiveRecord: 0.4ms | Allocations: 17978)


Started POST "/articles" for 127.0.0.1 at 2023-05-14 22:43:34 +0300
Processing by ArticlesController#create as TURBO_STREAM
  Parameters: {"authenticity_token"=>"[FILTERED]", "article"=>{"title"=>"The Second Article", "body"=>"This is the second article for testing."}, "commit"=>"Create Article"}
  [1m[36mTRANSACTION (0.1ms)[0m  [1m[36mbegin transaction[0m
  ↳ app/controllers/articles_controller.rb:17:in `create'
  [1m[36mArticle Create (1.8ms)[0m  [1m[32mINSERT INTO "articles" ("title", "body", "created_at", "updated_at") VALUES (?, ?, ?, ?)[0m  [["title", "The Second Article"], ["body", "This is the second article for testing."], ["created_at", "2023-05-14 19:43:34.830597"], ["updated_at", "2023-05-14 19:43:34.830597"]]
  ↳ app/controllers/articles_controller.rb:17:in `create'
  [1m[36mTRANSACTION (1.0ms)[0m  [1m[36mcommit transaction[0m
  ↳ app/controllers/articles_controller.rb:17:in `create'
Redirected to http://127.0.0.1:3000/articles/2
Completed 302 Found in 14ms (ActiveRecord: 3.0ms | Allocations: 3197)


Started GET "/articles/2" for 127.0.0.1 at 2023-05-14 22:43:34 +0300
Processing by ArticlesController#show as TURBO_STREAM
  Parameters: {"id"=>"2"}
  [1m[36mArticle Load (0.2ms)[0m  [1m[34mSELECT "articles".* FROM "articles" WHERE "articles"."id" = ? LIMIT ?[0m  [["id", 2], ["LIMIT", 1]]
  ↳ app/controllers/articles_controller.rb:7:in `show'
  Rendering layout layouts/application.html.erb
  Rendering articles/show.html.erb within layouts/application
  Rendered articles/show.html.erb within layouts/application (Duration: 0.7ms | Allocations: 161)
  Rendered layout layouts/application.html.erb (Duration: 4.3ms | Allocations: 2538)
Completed 200 OK in 10ms (Views: 4.7ms | ActiveRecord: 0.2ms | Allocations: 5295)


